2020-08-27 11:20:27,217 ERROR o.d.r.RegistrationRepository [AWT-EventQueue-0] ####  - class javax.persistence.PersistenceException - org.hibernate.exception.SQLGrammarException: could not extract ResultSet
2020-08-27 11:20:27,223 ERROR o.d.r.RegistrationRepository [AWT-EventQueue-0] ####  - class javax.persistence.PersistenceException - org.hibernate.exception.SQLGrammarException: could not extract ResultSet
2020-08-27 11:20:27,227 ERROR o.d.r.RegistrationRepository [AWT-EventQueue-0] ####  - class javax.persistence.PersistenceException - org.hibernate.exception.SQLGrammarException: could not extract ResultSet
2020-08-27 11:20:27,232 ERROR o.d.r.RegistrationRepository [AWT-EventQueue-0] ####  - class javax.persistence.PersistenceException - org.hibernate.exception.SQLGrammarException: could not extract ResultSet
2020-08-27 11:20:27,235 ERROR o.d.r.RegistrationRepository [AWT-EventQueue-0] ####  - class javax.persistence.PersistenceException - org.hibernate.exception.SQLGrammarException: could not extract ResultSet
2020-08-27 11:20:27,240 ERROR o.d.r.RegistrationRepository [AWT-EventQueue-0] ####  - class javax.persistence.PersistenceException - org.hibernate.exception.SQLGrammarException: could not extract ResultSet
2020-08-27 11:20:27,246 ERROR o.d.r.RegistrationRepository [AWT-EventQueue-0] ####  - class javax.persistence.PersistenceException - org.hibernate.exception.SQLGrammarException: could not extract ResultSet
2020-08-27 11:20:27,250 ERROR o.d.r.RegistrationRepository [AWT-EventQueue-0] ####  - class javax.persistence.PersistenceException - org.hibernate.exception.SQLGrammarException: could not extract ResultSet
2020-08-27 11:20:27,253 ERROR o.d.r.RegistrationRepository [AWT-EventQueue-0] ####  - class javax.persistence.PersistenceException - org.hibernate.exception.SQLGrammarException: could not extract ResultSet
2020-08-27 11:20:27,256 ERROR o.d.r.RegistrationRepository [AWT-EventQueue-0] ####  - class javax.persistence.PersistenceException - org.hibernate.exception.SQLGrammarException: could not extract ResultSet
2020-08-27 11:20:27,260 ERROR o.d.r.RegistrationRepository [AWT-EventQueue-0] ####  - class javax.persistence.PersistenceException - org.hibernate.exception.SQLGrammarException: could not extract ResultSet
2020-08-27 11:20:27,265 ERROR o.d.r.RegistrationRepository [AWT-EventQueue-0] ####  - class javax.persistence.PersistenceException - org.hibernate.exception.SQLGrammarException: could not extract ResultSet
2020-08-27 11:21:16,415 ERROR o.d.r.RegistrationRepository [AWT-EventQueue-0] ####  - class javax.persistence.PersistenceException - org.hibernate.exception.SQLGrammarException: could not extract ResultSet
2020-08-27 11:21:16,421 ERROR o.d.r.RegistrationRepository [AWT-EventQueue-0] ####  - class javax.persistence.PersistenceException - org.hibernate.exception.SQLGrammarException: could not extract ResultSet
2020-08-27 11:21:16,425 ERROR o.d.r.RegistrationRepository [AWT-EventQueue-0] ####  - class javax.persistence.PersistenceException - org.hibernate.exception.SQLGrammarException: could not extract ResultSet
2020-08-27 11:21:16,430 ERROR o.d.r.RegistrationRepository [AWT-EventQueue-0] ####  - class javax.persistence.PersistenceException - org.hibernate.exception.SQLGrammarException: could not extract ResultSet
2020-08-27 11:21:16,434 ERROR o.d.r.RegistrationRepository [AWT-EventQueue-0] ####  - class javax.persistence.PersistenceException - org.hibernate.exception.SQLGrammarException: could not extract ResultSet
2020-08-27 11:21:16,438 ERROR o.d.r.RegistrationRepository [AWT-EventQueue-0] ####  - class javax.persistence.PersistenceException - org.hibernate.exception.SQLGrammarException: could not extract ResultSet
2020-08-27 11:21:16,442 ERROR o.d.r.RegistrationRepository [AWT-EventQueue-0] ####  - class javax.persistence.PersistenceException - org.hibernate.exception.SQLGrammarException: could not extract ResultSet
2020-08-27 11:21:16,446 ERROR o.d.r.RegistrationRepository [AWT-EventQueue-0] ####  - class javax.persistence.PersistenceException - org.hibernate.exception.SQLGrammarException: could not extract ResultSet
2020-08-27 11:21:16,450 ERROR o.d.r.RegistrationRepository [AWT-EventQueue-0] ####  - class javax.persistence.PersistenceException - org.hibernate.exception.SQLGrammarException: could not extract ResultSet
2020-08-27 11:21:16,454 ERROR o.d.r.RegistrationRepository [AWT-EventQueue-0] ####  - class javax.persistence.PersistenceException - org.hibernate.exception.SQLGrammarException: could not extract ResultSet
2020-08-27 11:21:16,458 ERROR o.d.r.RegistrationRepository [AWT-EventQueue-0] ####  - class javax.persistence.PersistenceException - org.hibernate.exception.SQLGrammarException: could not extract ResultSet
2020-08-27 11:21:16,463 ERROR o.d.r.RegistrationRepository [AWT-EventQueue-0] ####  - class javax.persistence.PersistenceException - org.hibernate.exception.SQLGrammarException: could not extract ResultSet
2020-08-27 11:22:20,663 ERROR o.d.r.RegistrationRepository [AWT-EventQueue-0] ####  - class javax.persistence.PersistenceException - org.hibernate.exception.SQLGrammarException: could not extract ResultSet
2020-08-27 11:22:20,669 ERROR o.d.r.RegistrationRepository [AWT-EventQueue-0] ####  - class javax.persistence.PersistenceException - org.hibernate.exception.SQLGrammarException: could not extract ResultSet
2020-08-27 11:22:20,673 ERROR o.d.r.RegistrationRepository [AWT-EventQueue-0] ####  - class javax.persistence.PersistenceException - org.hibernate.exception.SQLGrammarException: could not extract ResultSet
2020-08-27 11:22:20,677 ERROR o.d.r.RegistrationRepository [AWT-EventQueue-0] ####  - class javax.persistence.PersistenceException - org.hibernate.exception.SQLGrammarException: could not extract ResultSet
2020-08-27 11:22:20,679 ERROR o.d.r.RegistrationRepository [AWT-EventQueue-0] ####  - class javax.persistence.PersistenceException - org.hibernate.exception.SQLGrammarException: could not extract ResultSet
2020-08-27 11:22:20,683 ERROR o.d.r.RegistrationRepository [AWT-EventQueue-0] ####  - class javax.persistence.PersistenceException - org.hibernate.exception.SQLGrammarException: could not extract ResultSet
2020-08-27 11:22:20,686 ERROR o.d.r.RegistrationRepository [AWT-EventQueue-0] ####  - class javax.persistence.PersistenceException - org.hibernate.exception.SQLGrammarException: could not extract ResultSet
2020-08-27 11:22:20,690 ERROR o.d.r.RegistrationRepository [AWT-EventQueue-0] ####  - class javax.persistence.PersistenceException - org.hibernate.exception.SQLGrammarException: could not extract ResultSet
2020-08-27 11:22:20,693 ERROR o.d.r.RegistrationRepository [AWT-EventQueue-0] ####  - class javax.persistence.PersistenceException - org.hibernate.exception.SQLGrammarException: could not extract ResultSet
2020-08-27 11:22:20,697 ERROR o.d.r.RegistrationRepository [AWT-EventQueue-0] ####  - class javax.persistence.PersistenceException - org.hibernate.exception.SQLGrammarException: could not extract ResultSet
2020-08-27 11:22:20,700 ERROR o.d.r.RegistrationRepository [AWT-EventQueue-0] ####  - class javax.persistence.PersistenceException - org.hibernate.exception.SQLGrammarException: could not extract ResultSet
2020-08-27 11:22:20,703 ERROR o.d.r.RegistrationRepository [AWT-EventQueue-0] ####  - class javax.persistence.PersistenceException - org.hibernate.exception.SQLGrammarException: could not extract ResultSet
2020-08-27 11:24:02,532 ERROR o.d.r.RegistrationRepository [AWT-EventQueue-0] ####  - class javax.persistence.PersistenceException - org.hibernate.exception.SQLGrammarException: could not extract ResultSet
2020-08-27 11:24:02,538 ERROR o.d.r.RegistrationRepository [AWT-EventQueue-0] ####  - class javax.persistence.PersistenceException - org.hibernate.exception.SQLGrammarException: could not extract ResultSet
2020-08-27 11:24:02,542 ERROR o.d.r.RegistrationRepository [AWT-EventQueue-0] ####  - class javax.persistence.PersistenceException - org.hibernate.exception.SQLGrammarException: could not extract ResultSet
2020-08-27 11:24:02,546 ERROR o.d.r.RegistrationRepository [AWT-EventQueue-0] ####  - class javax.persistence.PersistenceException - org.hibernate.exception.SQLGrammarException: could not extract ResultSet
2020-08-27 11:24:02,550 ERROR o.d.r.RegistrationRepository [AWT-EventQueue-0] ####  - class javax.persistence.PersistenceException - org.hibernate.exception.SQLGrammarException: could not extract ResultSet
2020-08-27 11:24:02,554 ERROR o.d.r.RegistrationRepository [AWT-EventQueue-0] ####  - class javax.persistence.PersistenceException - org.hibernate.exception.SQLGrammarException: could not extract ResultSet
2020-08-27 11:24:02,557 ERROR o.d.r.RegistrationRepository [AWT-EventQueue-0] ####  - class javax.persistence.PersistenceException - org.hibernate.exception.SQLGrammarException: could not extract ResultSet
2020-08-27 11:24:02,561 ERROR o.d.r.RegistrationRepository [AWT-EventQueue-0] ####  - class javax.persistence.PersistenceException - org.hibernate.exception.SQLGrammarException: could not extract ResultSet
2020-08-27 11:24:02,565 ERROR o.d.r.RegistrationRepository [AWT-EventQueue-0] ####  - class javax.persistence.PersistenceException - org.hibernate.exception.SQLGrammarException: could not extract ResultSet
2020-08-27 11:24:02,569 ERROR o.d.r.RegistrationRepository [AWT-EventQueue-0] ####  - class javax.persistence.PersistenceException - org.hibernate.exception.SQLGrammarException: could not extract ResultSet
2020-08-27 11:24:02,574 ERROR o.d.r.RegistrationRepository [AWT-EventQueue-0] ####  - class javax.persistence.PersistenceException - org.hibernate.exception.SQLGrammarException: could not extract ResultSet
2020-08-27 11:24:02,579 ERROR o.d.r.RegistrationRepository [AWT-EventQueue-0] ####  - class javax.persistence.PersistenceException - org.hibernate.exception.SQLGrammarException: could not extract ResultSet
2020-08-27 11:24:29,282 ERROR o.d.r.RegistrationRepository [AWT-EventQueue-0] ####  - class javax.persistence.PersistenceException - org.hibernate.exception.SQLGrammarException: could not extract ResultSet
2020-08-27 11:24:29,287 ERROR o.d.r.RegistrationRepository [AWT-EventQueue-0] ####  - class javax.persistence.PersistenceException - org.hibernate.exception.SQLGrammarException: could not extract ResultSet
2020-08-27 11:24:29,290 ERROR o.d.r.RegistrationRepository [AWT-EventQueue-0] ####  - class javax.persistence.PersistenceException - org.hibernate.exception.SQLGrammarException: could not extract ResultSet
2020-08-27 11:24:29,294 ERROR o.d.r.RegistrationRepository [AWT-EventQueue-0] ####  - class javax.persistence.PersistenceException - org.hibernate.exception.SQLGrammarException: could not extract ResultSet
2020-08-27 11:24:29,297 ERROR o.d.r.RegistrationRepository [AWT-EventQueue-0] ####  - class javax.persistence.PersistenceException - org.hibernate.exception.SQLGrammarException: could not extract ResultSet
2020-08-27 11:24:29,301 ERROR o.d.r.RegistrationRepository [AWT-EventQueue-0] ####  - class javax.persistence.PersistenceException - org.hibernate.exception.SQLGrammarException: could not extract ResultSet
2020-08-27 11:24:29,306 ERROR o.d.r.RegistrationRepository [AWT-EventQueue-0] ####  - class javax.persistence.PersistenceException - org.hibernate.exception.SQLGrammarException: could not extract ResultSet
2020-08-27 11:24:29,310 ERROR o.d.r.RegistrationRepository [AWT-EventQueue-0] ####  - class javax.persistence.PersistenceException - org.hibernate.exception.SQLGrammarException: could not extract ResultSet
2020-08-27 11:24:29,313 ERROR o.d.r.RegistrationRepository [AWT-EventQueue-0] ####  - class javax.persistence.PersistenceException - org.hibernate.exception.SQLGrammarException: could not extract ResultSet
2020-08-27 11:24:29,316 ERROR o.d.r.RegistrationRepository [AWT-EventQueue-0] ####  - class javax.persistence.PersistenceException - org.hibernate.exception.SQLGrammarException: could not extract ResultSet
2020-08-27 11:24:29,320 ERROR o.d.r.RegistrationRepository [AWT-EventQueue-0] ####  - class javax.persistence.PersistenceException - org.hibernate.exception.SQLGrammarException: could not extract ResultSet
2020-08-27 11:24:29,323 ERROR o.d.r.RegistrationRepository [AWT-EventQueue-0] ####  - class javax.persistence.PersistenceException - org.hibernate.exception.SQLGrammarException: could not extract ResultSet
2020-08-27 11:24:59,349 ERROR o.d.r.RegistrationRepository [AWT-EventQueue-0] ####  - class javax.persistence.PersistenceException - org.hibernate.exception.SQLGrammarException: could not extract ResultSet
2020-08-27 11:24:59,355 ERROR o.d.r.RegistrationRepository [AWT-EventQueue-0] ####  - class javax.persistence.PersistenceException - org.hibernate.exception.SQLGrammarException: could not extract ResultSet
2020-08-27 11:24:59,358 ERROR o.d.r.RegistrationRepository [AWT-EventQueue-0] ####  - class javax.persistence.PersistenceException - org.hibernate.exception.SQLGrammarException: could not extract ResultSet
2020-08-27 11:24:59,362 ERROR o.d.r.RegistrationRepository [AWT-EventQueue-0] ####  - class javax.persistence.PersistenceException - org.hibernate.exception.SQLGrammarException: could not extract ResultSet
2020-08-27 11:24:59,366 ERROR o.d.r.RegistrationRepository [AWT-EventQueue-0] ####  - class javax.persistence.PersistenceException - org.hibernate.exception.SQLGrammarException: could not extract ResultSet
2020-08-27 11:24:59,370 ERROR o.d.r.RegistrationRepository [AWT-EventQueue-0] ####  - class javax.persistence.PersistenceException - org.hibernate.exception.SQLGrammarException: could not extract ResultSet
2020-08-27 11:24:59,373 ERROR o.d.r.RegistrationRepository [AWT-EventQueue-0] ####  - class javax.persistence.PersistenceException - org.hibernate.exception.SQLGrammarException: could not extract ResultSet
2020-08-27 11:24:59,376 ERROR o.d.r.RegistrationRepository [AWT-EventQueue-0] ####  - class javax.persistence.PersistenceException - org.hibernate.exception.SQLGrammarException: could not extract ResultSet
2020-08-27 11:24:59,379 ERROR o.d.r.RegistrationRepository [AWT-EventQueue-0] ####  - class javax.persistence.PersistenceException - org.hibernate.exception.SQLGrammarException: could not extract ResultSet
2020-08-27 11:24:59,382 ERROR o.d.r.RegistrationRepository [AWT-EventQueue-0] ####  - class javax.persistence.PersistenceException - org.hibernate.exception.SQLGrammarException: could not extract ResultSet
2020-08-27 11:24:59,386 ERROR o.d.r.RegistrationRepository [AWT-EventQueue-0] ####  - class javax.persistence.PersistenceException - org.hibernate.exception.SQLGrammarException: could not extract ResultSet
2020-08-27 11:24:59,389 ERROR o.d.r.RegistrationRepository [AWT-EventQueue-0] ####  - class javax.persistence.PersistenceException - org.hibernate.exception.SQLGrammarException: could not extract ResultSet
2020-08-27 11:25:45,358 ERROR o.d.r.RegistrationRepository [AWT-EventQueue-0] ####  - class javax.persistence.PersistenceException - org.hibernate.exception.SQLGrammarException: could not extract ResultSet
2020-08-27 11:25:45,363 ERROR o.d.r.RegistrationRepository [AWT-EventQueue-0] ####  - class javax.persistence.PersistenceException - org.hibernate.exception.SQLGrammarException: could not extract ResultSet
2020-08-27 11:25:45,366 ERROR o.d.r.RegistrationRepository [AWT-EventQueue-0] ####  - class javax.persistence.PersistenceException - org.hibernate.exception.SQLGrammarException: could not extract ResultSet
2020-08-27 11:25:45,370 ERROR o.d.r.RegistrationRepository [AWT-EventQueue-0] ####  - class javax.persistence.PersistenceException - org.hibernate.exception.SQLGrammarException: could not extract ResultSet
2020-08-27 11:25:45,373 ERROR o.d.r.RegistrationRepository [AWT-EventQueue-0] ####  - class javax.persistence.PersistenceException - org.hibernate.exception.SQLGrammarException: could not extract ResultSet
2020-08-27 11:25:45,377 ERROR o.d.r.RegistrationRepository [AWT-EventQueue-0] ####  - class javax.persistence.PersistenceException - org.hibernate.exception.SQLGrammarException: could not extract ResultSet
2020-08-27 11:25:45,381 ERROR o.d.r.RegistrationRepository [AWT-EventQueue-0] ####  - class javax.persistence.PersistenceException - org.hibernate.exception.SQLGrammarException: could not extract ResultSet
2020-08-27 11:25:45,384 ERROR o.d.r.RegistrationRepository [AWT-EventQueue-0] ####  - class javax.persistence.PersistenceException - org.hibernate.exception.SQLGrammarException: could not extract ResultSet
2020-08-27 11:25:45,388 ERROR o.d.r.RegistrationRepository [AWT-EventQueue-0] ####  - class javax.persistence.PersistenceException - org.hibernate.exception.SQLGrammarException: could not extract ResultSet
2020-08-27 11:25:45,391 ERROR o.d.r.RegistrationRepository [AWT-EventQueue-0] ####  - class javax.persistence.PersistenceException - org.hibernate.exception.SQLGrammarException: could not extract ResultSet
2020-08-27 11:25:45,395 ERROR o.d.r.RegistrationRepository [AWT-EventQueue-0] ####  - class javax.persistence.PersistenceException - org.hibernate.exception.SQLGrammarException: could not extract ResultSet
2020-08-27 11:25:45,398 ERROR o.d.r.RegistrationRepository [AWT-EventQueue-0] ####  - class javax.persistence.PersistenceException - org.hibernate.exception.SQLGrammarException: could not extract ResultSet
2020-08-28 09:22:55,571 ERROR o.d.r.RegistrationRepository [AWT-EventQueue-0] ####  - class org.hibernate.NonUniqueObjectException - A different object with the same identifier value was already associated with the session : [org.dme.entities.Room#5]
2020-08-28 09:25:59,000 ERROR o.d.r.RegistrationRepository [AWT-EventQueue-0] ####  - class org.hibernate.NonUniqueObjectException - A different object with the same identifier value was already associated with the session : [org.dme.entities.Room#5]
2020-08-28 09:33:59,680 ERROR o.d.r.RoomRepository [AWT-EventQueue-0] ####  - class javax.persistence.PersistenceException - org.hibernate.exception.ConstraintViolationException: could not execute statement
2020-08-28 10:51:17,889 ERROR o.d.r.RegistrationRepository [AWT-EventQueue-0] ####  - class javax.persistence.EntityNotFoundException - No row with the given identifier exists: [org.dme.entities.Room#5]
2020-08-28 11:04:45,046 ERROR o.d.r.RoomRepository [AWT-EventQueue-0] ####  - class java.lang.IllegalArgumentException - org.hibernate.QueryException: Unable to resolve path [registration.reservation], unexpected token [registration] [from org.dme.entities.Room  where NOT registration.reservation.date = date order by number asc]
2020-08-28 11:07:59,953 ERROR o.d.r.RoomRepository [AWT-EventQueue-0] ####  - class java.lang.IllegalArgumentException - org.hibernate.QueryException: Unable to resolve path [res.date], unexpected token [res] [from org.dme.entities.Room  where NOT res.date = room.registration.date order by number asc]
2020-08-28 11:09:59,978 ERROR o.d.r.RoomRepository [AWT-EventQueue-0] ####  - class java.lang.IllegalArgumentException - org.hibernate.QueryException: Unable to resolve path [room.registration], unexpected token [room] [from org.dme.entities.Room  where NOT room.registration.date = :date order by number asc]
2020-08-28 11:35:14,614 ERROR o.d.r.RegistrationRepository [AWT-EventQueue-0] ####  - class java.lang.IllegalArgumentException - org.hibernate.QueryException: Unable to resolve path [registration.reservation], unexpected token [registration] [from org.dme.entities.Registration where registration.reservation.date ='2020-8-28' ]
2020-08-28 11:38:02,876 ERROR o.d.r.RegistrationRepository [AWT-EventQueue-0] ####  - class java.lang.IllegalArgumentException - org.hibernate.QueryException: Unable to resolve path [registration.reservation], unexpected token [registration] [from org.dme.entities.Registration where registration.reservation.date ='2020-8-28' ]
2020-08-28 11:49:36,870 ERROR o.d.r.RegistrationRepository [AWT-EventQueue-0] ####  - class javax.persistence.PersistenceException - org.hibernate.exception.SQLGrammarException: could not extract ResultSet
2020-08-28 11:49:36,875 ERROR o.d.r.RegistrationRepository [AWT-EventQueue-0] ####  - class javax.persistence.PersistenceException - org.hibernate.exception.SQLGrammarException: could not extract ResultSet
2020-08-28 11:49:36,879 ERROR o.d.r.RegistrationRepository [AWT-EventQueue-0] ####  - class javax.persistence.PersistenceException - org.hibernate.exception.SQLGrammarException: could not extract ResultSet
2020-08-28 11:49:36,883 ERROR o.d.r.RegistrationRepository [AWT-EventQueue-0] ####  - class javax.persistence.PersistenceException - org.hibernate.exception.SQLGrammarException: could not extract ResultSet
2020-08-28 11:49:36,886 ERROR o.d.r.RegistrationRepository [AWT-EventQueue-0] ####  - class javax.persistence.PersistenceException - org.hibernate.exception.SQLGrammarException: could not extract ResultSet
2020-08-28 11:49:36,890 ERROR o.d.r.RegistrationRepository [AWT-EventQueue-0] ####  - class javax.persistence.PersistenceException - org.hibernate.exception.SQLGrammarException: could not extract ResultSet
2020-08-28 11:49:36,893 ERROR o.d.r.RegistrationRepository [AWT-EventQueue-0] ####  - class javax.persistence.PersistenceException - org.hibernate.exception.SQLGrammarException: could not extract ResultSet
2020-08-28 11:49:36,898 ERROR o.d.r.RegistrationRepository [AWT-EventQueue-0] ####  - class javax.persistence.PersistenceException - org.hibernate.exception.SQLGrammarException: could not extract ResultSet
2020-08-28 11:49:36,902 ERROR o.d.r.RegistrationRepository [AWT-EventQueue-0] ####  - class javax.persistence.PersistenceException - org.hibernate.exception.SQLGrammarException: could not extract ResultSet
2020-08-28 11:49:36,906 ERROR o.d.r.RegistrationRepository [AWT-EventQueue-0] ####  - class javax.persistence.PersistenceException - org.hibernate.exception.SQLGrammarException: could not extract ResultSet
2020-08-28 11:49:36,910 ERROR o.d.r.RegistrationRepository [AWT-EventQueue-0] ####  - class javax.persistence.PersistenceException - org.hibernate.exception.SQLGrammarException: could not extract ResultSet
2020-08-28 11:49:36,914 ERROR o.d.r.RegistrationRepository [AWT-EventQueue-0] ####  - class javax.persistence.PersistenceException - org.hibernate.exception.SQLGrammarException: could not extract ResultSet
2020-08-28 12:51:31,528 ERROR o.d.r.RegistrationRepository [AWT-EventQueue-0] ####  - class javax.persistence.PersistenceException - org.hibernate.exception.SQLGrammarException: could not extract ResultSet
2020-08-28 12:51:31,532 ERROR o.d.r.RegistrationRepository [AWT-EventQueue-0] ####  - class javax.persistence.PersistenceException - org.hibernate.exception.SQLGrammarException: could not extract ResultSet
2020-08-28 12:51:31,536 ERROR o.d.r.RegistrationRepository [AWT-EventQueue-0] ####  - class javax.persistence.PersistenceException - org.hibernate.exception.SQLGrammarException: could not extract ResultSet
2020-08-28 12:51:31,539 ERROR o.d.r.RegistrationRepository [AWT-EventQueue-0] ####  - class javax.persistence.PersistenceException - org.hibernate.exception.SQLGrammarException: could not extract ResultSet
2020-08-28 12:51:31,543 ERROR o.d.r.RegistrationRepository [AWT-EventQueue-0] ####  - class javax.persistence.PersistenceException - org.hibernate.exception.SQLGrammarException: could not extract ResultSet
2020-08-28 12:51:31,547 ERROR o.d.r.RegistrationRepository [AWT-EventQueue-0] ####  - class javax.persistence.PersistenceException - org.hibernate.exception.SQLGrammarException: could not extract ResultSet
2020-08-28 12:51:31,550 ERROR o.d.r.RegistrationRepository [AWT-EventQueue-0] ####  - class javax.persistence.PersistenceException - org.hibernate.exception.SQLGrammarException: could not extract ResultSet
2020-08-28 12:51:31,555 ERROR o.d.r.RegistrationRepository [AWT-EventQueue-0] ####  - class javax.persistence.PersistenceException - org.hibernate.exception.SQLGrammarException: could not extract ResultSet
2020-08-28 12:51:31,560 ERROR o.d.r.RegistrationRepository [AWT-EventQueue-0] ####  - class javax.persistence.PersistenceException - org.hibernate.exception.SQLGrammarException: could not extract ResultSet
2020-08-28 12:51:31,564 ERROR o.d.r.RegistrationRepository [AWT-EventQueue-0] ####  - class javax.persistence.PersistenceException - org.hibernate.exception.SQLGrammarException: could not extract ResultSet
2020-08-28 12:51:31,568 ERROR o.d.r.RegistrationRepository [AWT-EventQueue-0] ####  - class javax.persistence.PersistenceException - org.hibernate.exception.SQLGrammarException: could not extract ResultSet
2020-08-28 12:51:31,571 ERROR o.d.r.RegistrationRepository [AWT-EventQueue-0] ####  - class javax.persistence.PersistenceException - org.hibernate.exception.SQLGrammarException: could not extract ResultSet
2020-08-28 13:33:12,124 ERROR o.d.r.RegistrationRepository [AWT-EventQueue-0] ####  - class javax.persistence.PersistenceException - org.hibernate.exception.SQLGrammarException: could not extract ResultSet
2020-08-28 13:33:12,129 ERROR o.d.r.RegistrationRepository [AWT-EventQueue-0] ####  - class javax.persistence.PersistenceException - org.hibernate.exception.SQLGrammarException: could not extract ResultSet
2020-08-28 13:33:12,134 ERROR o.d.r.RegistrationRepository [AWT-EventQueue-0] ####  - class javax.persistence.PersistenceException - org.hibernate.exception.SQLGrammarException: could not extract ResultSet
2020-08-28 13:33:12,139 ERROR o.d.r.RegistrationRepository [AWT-EventQueue-0] ####  - class javax.persistence.PersistenceException - org.hibernate.exception.SQLGrammarException: could not extract ResultSet
2020-08-28 13:33:12,145 ERROR o.d.r.RegistrationRepository [AWT-EventQueue-0] ####  - class javax.persistence.PersistenceException - org.hibernate.exception.SQLGrammarException: could not extract ResultSet
2020-08-28 13:33:12,148 ERROR o.d.r.RegistrationRepository [AWT-EventQueue-0] ####  - class javax.persistence.PersistenceException - org.hibernate.exception.SQLGrammarException: could not extract ResultSet
2020-08-28 13:33:12,153 ERROR o.d.r.RegistrationRepository [AWT-EventQueue-0] ####  - class javax.persistence.PersistenceException - org.hibernate.exception.SQLGrammarException: could not extract ResultSet
2020-08-28 13:33:12,157 ERROR o.d.r.RegistrationRepository [AWT-EventQueue-0] ####  - class javax.persistence.PersistenceException - org.hibernate.exception.SQLGrammarException: could not extract ResultSet
2020-08-28 13:33:12,162 ERROR o.d.r.RegistrationRepository [AWT-EventQueue-0] ####  - class javax.persistence.PersistenceException - org.hibernate.exception.SQLGrammarException: could not extract ResultSet
2020-08-28 13:33:12,165 ERROR o.d.r.RegistrationRepository [AWT-EventQueue-0] ####  - class javax.persistence.PersistenceException - org.hibernate.exception.SQLGrammarException: could not extract ResultSet
2020-08-28 13:33:12,171 ERROR o.d.r.RegistrationRepository [AWT-EventQueue-0] ####  - class javax.persistence.PersistenceException - org.hibernate.exception.SQLGrammarException: could not extract ResultSet
2020-08-28 13:33:12,176 ERROR o.d.r.RegistrationRepository [AWT-EventQueue-0] ####  - class javax.persistence.PersistenceException - org.hibernate.exception.SQLGrammarException: could not extract ResultSet
2020-08-28 13:39:54,491 ERROR o.d.r.RegistrationRepository [AWT-EventQueue-0] ####  - class javax.persistence.PersistenceException - org.hibernate.exception.SQLGrammarException: could not extract ResultSet
2020-08-28 13:39:54,495 ERROR o.d.r.RegistrationRepository [AWT-EventQueue-0] ####  - class javax.persistence.PersistenceException - org.hibernate.exception.SQLGrammarException: could not extract ResultSet
2020-08-28 13:39:54,499 ERROR o.d.r.RegistrationRepository [AWT-EventQueue-0] ####  - class javax.persistence.PersistenceException - org.hibernate.exception.SQLGrammarException: could not extract ResultSet
2020-08-28 13:39:54,506 ERROR o.d.r.RegistrationRepository [AWT-EventQueue-0] ####  - class javax.persistence.PersistenceException - org.hibernate.exception.SQLGrammarException: could not extract ResultSet
2020-08-28 13:39:54,510 ERROR o.d.r.RegistrationRepository [AWT-EventQueue-0] ####  - class javax.persistence.PersistenceException - org.hibernate.exception.SQLGrammarException: could not extract ResultSet
2020-08-28 13:39:54,514 ERROR o.d.r.RegistrationRepository [AWT-EventQueue-0] ####  - class javax.persistence.PersistenceException - org.hibernate.exception.SQLGrammarException: could not extract ResultSet
2020-08-28 13:39:54,518 ERROR o.d.r.RegistrationRepository [AWT-EventQueue-0] ####  - class javax.persistence.PersistenceException - org.hibernate.exception.SQLGrammarException: could not extract ResultSet
2020-08-28 13:39:54,522 ERROR o.d.r.RegistrationRepository [AWT-EventQueue-0] ####  - class javax.persistence.PersistenceException - org.hibernate.exception.SQLGrammarException: could not extract ResultSet
2020-08-28 13:39:54,525 ERROR o.d.r.RegistrationRepository [AWT-EventQueue-0] ####  - class javax.persistence.PersistenceException - org.hibernate.exception.SQLGrammarException: could not extract ResultSet
2020-08-28 13:39:54,529 ERROR o.d.r.RegistrationRepository [AWT-EventQueue-0] ####  - class javax.persistence.PersistenceException - org.hibernate.exception.SQLGrammarException: could not extract ResultSet
2020-08-28 13:39:54,536 ERROR o.d.r.RegistrationRepository [AWT-EventQueue-0] ####  - class javax.persistence.PersistenceException - org.hibernate.exception.SQLGrammarException: could not extract ResultSet
2020-08-28 13:39:54,541 ERROR o.d.r.RegistrationRepository [AWT-EventQueue-0] ####  - class javax.persistence.PersistenceException - org.hibernate.exception.SQLGrammarException: could not extract ResultSet
